{"/home/ahmed/Desktop/Tartu/Semester1/Agile/Project/parkingappfrontend/src/App.vue": {"path":"/home/ahmed/Desktop/Tartu/Semester1/Agile/Project/parkingappfrontend/src/App.vue","statementMap":{"0":{"start":{"line":13,"column":0},"end":{"line":20,"column":0}},"1":{"start":{"line":14,"column":0},"end":{"line":19,"column":0}},"2":{"start":{"line":15,"column":0},"end":{"line":17,"column":0}},"3":{"start":{"line":16,"column":0},"end":{"line":null,"column":-1}},"4":{"start":{"line":18,"column":0},"end":{"line":null,"column":-1}}},"fnMap":{"0":{"name":"created","decl":{"start":{"line":12,"column":0},"end":{"line":null,"column":-1}},"loc":{"start":{"line":12,"column":0},"end":{"line":21,"column":0}}},"1":{"name":"(anonymous_3)","decl":{"start":{"line":13,"column":0},"end":{"line":null,"column":-1}},"loc":{"start":{"line":13,"column":0},"end":{"line":20,"column":0}}},"2":{"name":"(anonymous_4)","decl":{"start":{"line":14,"column":0},"end":{"line":null,"column":-1}},"loc":{"start":{"line":14,"column":0},"end":{"line":19,"column":0}}}},"branchMap":{"0":{"loc":{"start":{"line":15,"column":0},"end":{"line":17,"column":0}},"type":"if","locations":[{"start":{"line":15,"column":0},"end":{"line":17,"column":0}},{"start":{"line":15,"column":0},"end":{"line":17,"column":0}}]},"1":{"loc":{"start":{"line":15,"column":0},"end":{"line":null,"column":-1}},"type":"binary-expr","locations":[{"start":{"line":15,"column":0},"end":{"line":null,"column":-1}},{"start":{"line":15,"column":0},"end":{"line":null,"column":-1}},{"start":{"line":15,"column":0},"end":{"line":null,"column":-1}}]}},"s":{"0":0,"1":0,"2":0,"3":0,"4":0},"f":{"0":0,"1":0,"2":0},"b":{"0":[0,0],"1":[0,0,0]}}
,"/home/ahmed/Desktop/Tartu/Semester1/Agile/Project/parkingappfrontend/src/store.js": {"path":"/home/ahmed/Desktop/Tartu/Semester1/Agile/Project/parkingappfrontend/src/store.js","statementMap":{"0":{"start":{"line":1,"column":0},"end":{"line":null,"column":-1}},"1":{"start":{"line":2,"column":0},"end":{"line":null,"column":-1}},"2":{"start":{"line":3,"column":0},"end":{"line":null,"column":-1}},"3":{"start":{"line":5,"column":0},"end":{"line":null,"column":-1}},"4":{"start":{"line":7,"column":17},"end":{"line":7,"column":0}},"5":{"start":{"line":17,"column":6},"end":{"line":null,"column":-1}},"6":{"start":{"line":20,"column":6},"end":{"line":null,"column":-1}},"7":{"start":{"line":21,"column":6},"end":{"line":null,"column":-1}},"8":{"start":{"line":22,"column":6},"end":{"line":null,"column":-1}},"9":{"start":{"line":25,"column":6},"end":{"line":null,"column":-1}},"10":{"start":{"line":28,"column":6},"end":{"line":null,"column":-1}},"11":{"start":{"line":29,"column":6},"end":{"line":null,"column":-1}},"12":{"start":{"line":33,"column":29},"end":{"line":33,"column":28}},"13":{"start":{"line":34,"column":6},"end":{"line":null,"column":-1}},"14":{"start":{"line":35,"column":8},"end":{"line":null,"column":-1}},"15":{"start":{"line":36,"column":8},"end":{"line":null,"column":-1}},"16":{"start":{"line":38,"column":24},"end":{"line":38,"column":10}},"17":{"start":{"line":39,"column":23},"end":{"line":39,"column":10}},"18":{"start":{"line":40,"column":10},"end":{"line":null,"column":-1}},"19":{"start":{"line":41,"column":10},"end":{"line":null,"column":-1}},"20":{"start":{"line":42,"column":10},"end":{"line":null,"column":-1}},"21":{"start":{"line":43,"column":10},"end":{"line":null,"column":-1}},"22":{"start":{"line":44,"column":10},"end":{"line":null,"column":-1}},"23":{"start":{"line":45,"column":10},"end":{"line":null,"column":-1}},"24":{"start":{"line":48,"column":10},"end":{"line":null,"column":-1}},"25":{"start":{"line":49,"column":10},"end":{"line":null,"column":-1}},"26":{"start":{"line":50,"column":10},"end":{"line":null,"column":-1}},"27":{"start":{"line":54,"column":28},"end":{"line":54,"column":27}},"28":{"start":{"line":55,"column":6},"end":{"line":null,"column":-1}},"29":{"start":{"line":56,"column":8},"end":{"line":null,"column":-1}},"30":{"start":{"line":57,"column":8},"end":{"line":null,"column":-1}},"31":{"start":{"line":59,"column":24},"end":{"line":59,"column":10}},"32":{"start":{"line":60,"column":23},"end":{"line":60,"column":10}},"33":{"start":{"line":61,"column":10},"end":{"line":null,"column":-1}},"34":{"start":{"line":62,"column":10},"end":{"line":null,"column":-1}},"35":{"start":{"line":63,"column":10},"end":{"line":null,"column":-1}},"36":{"start":{"line":64,"column":10},"end":{"line":null,"column":-1}},"37":{"start":{"line":67,"column":10},"end":{"line":null,"column":-1}},"38":{"start":{"line":68,"column":10},"end":{"line":null,"column":-1}},"39":{"start":{"line":69,"column":10},"end":{"line":null,"column":-1}},"40":{"start":{"line":73,"column":20},"end":{"line":73,"column":19}},"41":{"start":{"line":74,"column":6},"end":{"line":null,"column":-1}},"42":{"start":{"line":75,"column":8},"end":{"line":null,"column":-1}},"43":{"start":{"line":76,"column":8},"end":{"line":null,"column":-1}},"44":{"start":{"line":77,"column":8},"end":{"line":null,"column":-1}},"45":{"start":{"line":78,"column":8},"end":{"line":null,"column":-1}},"46":{"start":{"line":83,"column":16},"end":{"line":82,"column":11}},"47":{"start":{"line":84,"column":16},"end":{"line":82,"column":11}}},"fnMap":{"0":{"name":"auth_request","decl":{"start":{"line":15,"column":13},"end":{"line":16,"column":16}},"loc":{"start":{"line":16,"column":23},"end":{"line":15,"column":13}}},"1":{"name":"auth_success","decl":{"start":{"line":15,"column":13},"end":{"line":19,"column":16}},"loc":{"start":{"line":19,"column":36},"end":{"line":15,"column":13}}},"2":{"name":"auth_error","decl":{"start":{"line":15,"column":13},"end":{"line":24,"column":14}},"loc":{"start":{"line":24,"column":21},"end":{"line":15,"column":13}}},"3":{"name":"logout","decl":{"start":{"line":15,"column":13},"end":{"line":27,"column":10}},"loc":{"start":{"line":27,"column":17},"end":{"line":15,"column":13}}},"4":{"name":"userLogin","decl":{"start":{"line":32,"column":11},"end":{"line":33,"column":23}},"loc":{"start":{"line":33,"column":29},"end":{"line":32,"column":11}}},"5":{"name":"(anonymous_6)","decl":{"start":{"line":34,"column":25},"end":{"line":34,"column":25}},"loc":{"start":{"line":34,"column":46},"end":{"line":34,"column":13}}},"6":{"name":"(anonymous_7)","decl":{"start":{"line":37,"column":14},"end":{"line":37,"column":21}},"loc":{"start":{"line":37,"column":22},"end":{"line":36,"column":8}}},"7":{"name":"(anonymous_8)","decl":{"start":{"line":47,"column":15},"end":{"line":47,"column":21}},"loc":{"start":{"line":47,"column":22},"end":{"line":36,"column":8}}},"8":{"name":"register","decl":{"start":{"line":32,"column":11},"end":{"line":54,"column":22}},"loc":{"start":{"line":54,"column":28},"end":{"line":32,"column":11}}},"9":{"name":"(anonymous_10)","decl":{"start":{"line":55,"column":25},"end":{"line":55,"column":25}},"loc":{"start":{"line":55,"column":46},"end":{"line":55,"column":13}}},"10":{"name":"(anonymous_11)","decl":{"start":{"line":58,"column":14},"end":{"line":58,"column":21}},"loc":{"start":{"line":58,"column":22},"end":{"line":57,"column":8}}},"11":{"name":"(anonymous_12)","decl":{"start":{"line":66,"column":15},"end":{"line":66,"column":21}},"loc":{"start":{"line":66,"column":22},"end":{"line":57,"column":8}}},"12":{"name":"logout","decl":{"start":{"line":32,"column":11},"end":{"line":73,"column":19}},"loc":{"start":{"line":73,"column":20},"end":{"line":32,"column":11}}},"13":{"name":"(anonymous_14)","decl":{"start":{"line":74,"column":25},"end":{"line":74,"column":25}},"loc":{"start":{"line":74,"column":46},"end":{"line":74,"column":13}}},"14":{"name":"isLoggedIn","decl":{"start":{"line":83,"column":16},"end":{"line":83,"column":24}},"loc":{"start":{"line":83,"column":16},"end":{"line":82,"column":12}}},"15":{"name":"authStatus","decl":{"start":{"line":84,"column":16},"end":{"line":84,"column":24}},"loc":{"start":{"line":84,"column":16},"end":{"line":82,"column":12}}}},"branchMap":{"0":{"loc":{"start":{"line":12,"column":11},"end":{"line":12,"column":43}},"type":"binary-expr","locations":[{"start":{"line":12,"column":11},"end":{"line":12,"column":43}},{"start":{"line":12,"column":44},"end":{"line":10,"column":9}}]}},"s":{"0":0,"1":0,"2":0,"3":0,"4":0,"5":0,"6":0,"7":0,"8":0,"9":0,"10":0,"11":0,"12":0,"13":0,"14":0,"15":0,"16":0,"17":0,"18":0,"19":0,"20":0,"21":0,"22":0,"23":0,"24":0,"25":0,"26":0,"27":0,"28":0,"29":0,"30":0,"31":0,"32":0,"33":0,"34":0,"35":0,"36":0,"37":0,"38":0,"39":0,"40":0,"41":0,"42":0,"43":0,"44":0,"45":0,"46":0,"47":0},"f":{"0":0,"1":0,"2":0,"3":0,"4":0,"5":0,"6":0,"7":0,"8":0,"9":0,"10":0,"11":0,"12":0,"13":0,"14":0,"15":0},"b":{"0":[0,0]}}
,"/home/ahmed/Desktop/Tartu/Semester1/Agile/Project/parkingappfrontend/src/components/Home.vue": {"path":"/home/ahmed/Desktop/Tartu/Semester1/Agile/Project/parkingappfrontend/src/components/Home.vue","statementMap":{"0":{"start":{"line":16,"column":0},"end":{"line":null,"column":-1}},"1":{"start":{"line":21,"column":0},"end":{"line":null,"column":-1}},"2":{"start":{"line":25,"column":0},"end":{"line":null,"column":-1}},"3":{"start":{"line":27,"column":0},"end":{"line":null,"column":-1}},"4":{"start":{"line":28,"column":0},"end":{"line":null,"column":-1}},"5":{"start":{"line":30,"column":0},"end":{"line":null,"column":-1}}},"fnMap":{"0":{"name":"data","decl":{"start":{"line":20,"column":0},"end":{"line":null,"column":-1}},"loc":{"start":{"line":20,"column":0},"end":{"line":24,"column":0}}},"1":{"name":"created","decl":{"start":{"line":25,"column":0},"end":{"line":null,"column":-1}},"loc":{"start":{"line":25,"column":0},"end":{"line":32,"column":0}}}},"branchMap":{"0":{"loc":{"start":{"line":25,"column":0},"end":{"line":null,"column":-1}},"type":"switch","locations":[{"start":{"line":25,"column":0},"end":{"line":null,"column":-1}},{"start":{"line":25,"column":0},"end":{"line":null,"column":-1}},{"start":{"line":25,"column":0},"end":{"line":30,"column":0}},{"start":{"line":25,"column":0},"end":{"line":null,"column":-1}},{"start":{"line":25,"column":0},"end":{"line":null,"column":-1}}]}},"s":{"0":0,"1":0,"2":0,"3":0,"4":0,"5":0},"f":{"0":0,"1":0},"b":{"0":[0,0,0,0,0]}}
,"/home/ahmed/Desktop/Tartu/Semester1/Agile/Project/parkingappfrontend/src/components/Login.vue": {"path":"/home/ahmed/Desktop/Tartu/Semester1/Agile/Project/parkingappfrontend/src/components/Login.vue","statementMap":{"0":{"start":{"line":21,"column":0},"end":{"line":null,"column":-1}},"1":{"start":{"line":28,"column":0},"end":{"line":null,"column":-1}},"2":{"start":{"line":29,"column":0},"end":{"line":38,"column":0}},"3":{"start":{"line":30,"column":0},"end":{"line":35,"column":0}},"4":{"start":{"line":31,"column":0},"end":{"line":null,"column":-1}},"5":{"start":{"line":33,"column":0},"end":{"line":null,"column":-1}},"6":{"start":{"line":34,"column":0},"end":{"line":null,"column":-1}},"7":{"start":{"line":37,"column":0},"end":{"line":null,"column":-1}},"8":{"start":{"line":41,"column":0},"end":{"line":null,"column":-1}}},"fnMap":{"0":{"name":"data","decl":{"start":{"line":20,"column":0},"end":{"line":null,"column":-1}},"loc":{"start":{"line":20,"column":0},"end":{"line":26,"column":0}}},"1":{"name":"userLogin","decl":{"start":{"line":28,"column":0},"end":{"line":null,"column":-1}},"loc":{"start":{"line":28,"column":0},"end":{"line":39,"column":0}}},"2":{"name":"(anonymous_3)","decl":{"start":{"line":30,"column":0},"end":{"line":null,"column":-1}},"loc":{"start":{"line":30,"column":0},"end":{"line":31,"column":0}}},"3":{"name":"(anonymous_4)","decl":{"start":{"line":31,"column":0},"end":{"line":null,"column":-1}},"loc":{"start":{"line":31,"column":0},"end":{"line":35,"column":0}}},"4":{"name":"signUp","decl":{"start":{"line":40,"column":0},"end":{"line":null,"column":-1}},"loc":{"start":{"line":40,"column":0},"end":{"line":42,"column":0}}}},"branchMap":{},"s":{"0":0,"1":0,"2":0,"3":0,"4":0,"5":0,"6":0,"7":0,"8":0},"f":{"0":0,"1":0,"2":0,"3":0,"4":0},"b":{}}
,"/home/ahmed/Desktop/Tartu/Semester1/Agile/Project/parkingappfrontend/src/components/Register.vue": {"path":"/home/ahmed/Desktop/Tartu/Semester1/Agile/Project/parkingappfrontend/src/components/Register.vue","statementMap":{"0":{"start":{"line":23,"column":0},"end":{"line":null,"column":-1}},"1":{"start":{"line":28,"column":0},"end":{"line":null,"column":-1}},"2":{"start":{"line":40,"column":0},"end":{"line":null,"column":-1}},"3":{"start":{"line":41,"column":0},"end":{"line":49,"column":0}},"4":{"start":{"line":42,"column":0},"end":{"line":46,"column":0}},"5":{"start":{"line":43,"column":0},"end":{"line":null,"column":-1}},"6":{"start":{"line":45,"column":0},"end":{"line":null,"column":-1}},"7":{"start":{"line":48,"column":0},"end":{"line":null,"column":-1}}},"fnMap":{"0":{"name":"data","decl":{"start":{"line":27,"column":0},"end":{"line":null,"column":-1}},"loc":{"start":{"line":27,"column":0},"end":{"line":38,"column":0}}},"1":{"name":"userRegister","decl":{"start":{"line":40,"column":0},"end":{"line":null,"column":-1}},"loc":{"start":{"line":40,"column":0},"end":{"line":50,"column":0}}},"2":{"name":"(anonymous_4)","decl":{"start":{"line":42,"column":0},"end":{"line":null,"column":-1}},"loc":{"start":{"line":42,"column":0},"end":{"line":43,"column":0}}},"3":{"name":"(anonymous_5)","decl":{"start":{"line":43,"column":0},"end":{"line":null,"column":-1}},"loc":{"start":{"line":43,"column":0},"end":{"line":46,"column":0}}}},"branchMap":{},"s":{"0":0,"1":0,"2":0,"3":0,"4":0,"5":0,"6":0,"7":0},"f":{"0":0,"1":0,"2":0,"3":0},"b":{}}
,"/home/ahmed/Desktop/Tartu/Semester1/Agile/Project/parkingappfrontend/src/components/UsersList.vue": {"path":"/home/ahmed/Desktop/Tartu/Semester1/Agile/Project/parkingappfrontend/src/components/UsersList.vue","statementMap":{"0":{"start":{"line":28,"column":0},"end":{"line":null,"column":-1}},"1":{"start":{"line":33,"column":0},"end":{"line":null,"column":-1}},"2":{"start":{"line":37,"column":0},"end":{"line":null,"column":-1}},"3":{"start":{"line":39,"column":0},"end":{"line":null,"column":-1}},"4":{"start":{"line":40,"column":0},"end":{"line":null,"column":-1}},"5":{"start":{"line":42,"column":0},"end":{"line":null,"column":-1}}},"fnMap":{"0":{"name":"data","decl":{"start":{"line":32,"column":0},"end":{"line":null,"column":-1}},"loc":{"start":{"line":32,"column":0},"end":{"line":36,"column":0}}},"1":{"name":"created","decl":{"start":{"line":37,"column":0},"end":{"line":null,"column":-1}},"loc":{"start":{"line":37,"column":0},"end":{"line":44,"column":0}}}},"branchMap":{"0":{"loc":{"start":{"line":37,"column":0},"end":{"line":null,"column":-1}},"type":"switch","locations":[{"start":{"line":37,"column":0},"end":{"line":null,"column":-1}},{"start":{"line":37,"column":0},"end":{"line":null,"column":-1}},{"start":{"line":37,"column":0},"end":{"line":42,"column":0}},{"start":{"line":37,"column":0},"end":{"line":null,"column":-1}},{"start":{"line":37,"column":0},"end":{"line":null,"column":-1}}]}},"s":{"0":0,"1":0,"2":0,"3":0,"4":0,"5":0},"f":{"0":0,"1":0},"b":{"0":[0,0,0,0,0]}}
,"/home/ahmed/Desktop/Tartu/Semester1/Agile/Project/parkingappfrontend/src/components/Booking/BookingList.vue": {"path":"/home/ahmed/Desktop/Tartu/Semester1/Agile/Project/parkingappfrontend/src/components/Booking/BookingList.vue","statementMap":{"0":{"start":{"line":37,"column":0},"end":{"line":null,"column":-1}},"1":{"start":{"line":38,"column":0},"end":{"line":null,"column":-1}},"2":{"start":{"line":40,"column":0},"end":{"line":null,"column":-1}},"3":{"start":{"line":42,"column":0},"end":{"line":null,"column":-1}},"4":{"start":{"line":44,"column":0},"end":{"line":null,"column":-1}},"5":{"start":{"line":47,"column":0},"end":{"line":49,"column":0}},"6":{"start":{"line":48,"column":0},"end":{"line":null,"column":-1}},"7":{"start":{"line":56,"column":0},"end":{"line":null,"column":-1}},"8":{"start":{"line":70,"column":0},"end":{"line":null,"column":-1}},"9":{"start":{"line":72,"column":0},"end":{"line":null,"column":-1}},"10":{"start":{"line":73,"column":0},"end":{"line":null,"column":-1}},"11":{"start":{"line":75,"column":0},"end":{"line":null,"column":-1}},"12":{"start":{"line":81,"column":0},"end":{"line":null,"column":-1}},"13":{"start":{"line":82,"column":0},"end":{"line":null,"column":-1}},"14":{"start":{"line":83,"column":0},"end":{"line":null,"column":-1}},"15":{"start":{"line":85,"column":0},"end":{"line":null,"column":-1}},"16":{"start":{"line":86,"column":0},"end":{"line":null,"column":-1}},"17":{"start":{"line":88,"column":0},"end":{"line":95,"column":0}},"18":{"start":{"line":89,"column":0},"end":{"line":null,"column":-1}},"19":{"start":{"line":90,"column":0},"end":{"line":95,"column":0}},"20":{"start":{"line":91,"column":0},"end":{"line":null,"column":-1}},"21":{"start":{"line":94,"column":0},"end":{"line":null,"column":-1}},"22":{"start":{"line":96,"column":0},"end":{"line":null,"column":-1}},"23":{"start":{"line":98,"column":0},"end":{"line":null,"column":-1}},"24":{"start":{"line":100,"column":0},"end":{"line":null,"column":-1}},"25":{"start":{"line":102,"column":0},"end":{"line":null,"column":-1}},"26":{"start":{"line":106,"column":0},"end":{"line":null,"column":-1}},"27":{"start":{"line":107,"column":0},"end":{"line":null,"column":-1}},"28":{"start":{"line":109,"column":0},"end":{"line":null,"column":-1}}},"fnMap":{"0":{"name":"formatDateFun","decl":{"start":{"line":46,"column":0},"end":{"line":null,"column":-1}},"loc":{"start":{"line":46,"column":0},"end":{"line":50,"column":0}}},"1":{"name":"data","decl":{"start":{"line":55,"column":0},"end":{"line":null,"column":-1}},"loc":{"start":{"line":55,"column":0},"end":{"line":69,"column":0}}},"2":{"name":"created","decl":{"start":{"line":70,"column":0},"end":{"line":null,"column":-1}},"loc":{"start":{"line":70,"column":0},"end":{"line":77,"column":0}}},"3":{"name":"btnSelectBooking","decl":{"start":{"line":79,"column":0},"end":{"line":null,"column":-1}},"loc":{"start":{"line":79,"column":0},"end":{"line":97,"column":0}}},"4":{"name":"diff_mins","decl":{"start":{"line":80,"column":0},"end":{"line":null,"column":-1}},"loc":{"start":{"line":80,"column":0},"end":{"line":84,"column":0}}},"5":{"name":"btnCancelClick","decl":{"start":{"line":98,"column":0},"end":{"line":null,"column":-1}},"loc":{"start":{"line":98,"column":0},"end":{"line":111,"column":0}}}},"branchMap":{"0":{"loc":{"start":{"line":47,"column":0},"end":{"line":49,"column":0}},"type":"if","locations":[{"start":{"line":47,"column":0},"end":{"line":49,"column":0}},{"start":{"line":47,"column":0},"end":{"line":49,"column":0}}]},"1":{"loc":{"start":{"line":70,"column":0},"end":{"line":null,"column":-1}},"type":"switch","locations":[{"start":{"line":70,"column":0},"end":{"line":null,"column":-1}},{"start":{"line":70,"column":0},"end":{"line":null,"column":-1}},{"start":{"line":70,"column":0},"end":{"line":75,"column":0}},{"start":{"line":70,"column":0},"end":{"line":null,"column":-1}},{"start":{"line":70,"column":0},"end":{"line":null,"column":-1}}]},"2":{"loc":{"start":{"line":88,"column":0},"end":{"line":95,"column":0}},"type":"if","locations":[{"start":{"line":88,"column":0},"end":{"line":95,"column":0}},{"start":{"line":88,"column":0},"end":{"line":95,"column":0}}]},"3":{"loc":{"start":{"line":90,"column":0},"end":{"line":95,"column":0}},"type":"if","locations":[{"start":{"line":90,"column":0},"end":{"line":95,"column":0}},{"start":{"line":90,"column":0},"end":{"line":95,"column":0}}]},"4":{"loc":{"start":{"line":98,"column":0},"end":{"line":null,"column":-1}},"type":"switch","locations":[{"start":{"line":98,"column":0},"end":{"line":null,"column":-1}},{"start":{"line":98,"column":0},"end":{"line":null,"column":-1}},{"start":{"line":98,"column":0},"end":{"line":102,"column":0}},{"start":{"line":98,"column":0},"end":{"line":null,"column":-1}},{"start":{"line":98,"column":0},"end":{"line":null,"column":-1}},{"start":{"line":98,"column":0},"end":{"line":109,"column":0}},{"start":{"line":98,"column":0},"end":{"line":null,"column":-1}},{"start":{"line":98,"column":0},"end":{"line":null,"column":-1}}]}},"s":{"0":0,"1":0,"2":0,"3":0,"4":0,"5":0,"6":0,"7":0,"8":0,"9":0,"10":0,"11":0,"12":0,"13":0,"14":0,"15":0,"16":0,"17":0,"18":0,"19":0,"20":0,"21":0,"22":0,"23":0,"24":0,"25":0,"26":0,"27":0,"28":0},"f":{"0":0,"1":0,"2":0,"3":0,"4":0,"5":0},"b":{"0":[0,0],"1":[0,0,0,0,0],"2":[0,0],"3":[0,0],"4":[0,0,0,0,0,0,0,0]}}
,"/home/ahmed/Desktop/Tartu/Semester1/Agile/Project/parkingappfrontend/src/components/Booking/ExtendBooking.vue": {"path":"/home/ahmed/Desktop/Tartu/Semester1/Agile/Project/parkingappfrontend/src/components/Booking/ExtendBooking.vue","statementMap":{"0":{"start":{"line":22,"column":0},"end":{"line":null,"column":-1}},"1":{"start":{"line":23,"column":0},"end":{"line":null,"column":-1}},"2":{"start":{"line":25,"column":0},"end":{"line":null,"column":-1}},"3":{"start":{"line":27,"column":0},"end":{"line":null,"column":-1}},"4":{"start":{"line":29,"column":0},"end":{"line":null,"column":-1}},"5":{"start":{"line":34,"column":0},"end":{"line":null,"column":-1}},"6":{"start":{"line":40,"column":0},"end":{"line":null,"column":-1}},"7":{"start":{"line":46,"column":0},"end":{"line":null,"column":-1}},"8":{"start":{"line":48,"column":0},"end":{"line":null,"column":-1}},"9":{"start":{"line":49,"column":0},"end":{"line":null,"column":-1}},"10":{"start":{"line":50,"column":0},"end":{"line":null,"column":-1}},"11":{"start":{"line":51,"column":0},"end":{"line":null,"column":-1}},"12":{"start":{"line":53,"column":0},"end":{"line":null,"column":-1}},"13":{"start":{"line":54,"column":0},"end":{"line":null,"column":-1}},"14":{"start":{"line":58,"column":0},"end":{"line":null,"column":-1}}},"fnMap":{"0":{"name":"data","decl":{"start":{"line":33,"column":0},"end":{"line":null,"column":-1}},"loc":{"start":{"line":33,"column":0},"end":{"line":38,"column":0}}},"1":{"name":"created","decl":{"start":{"line":39,"column":0},"end":{"line":null,"column":-1}},"loc":{"start":{"line":39,"column":0},"end":{"line":41,"column":0}}},"2":{"name":"extendBooking","decl":{"start":{"line":46,"column":0},"end":{"line":null,"column":-1}},"loc":{"start":{"line":46,"column":0},"end":{"line":56,"column":0}}},"3":{"name":"goBack","decl":{"start":{"line":57,"column":0},"end":{"line":null,"column":-1}},"loc":{"start":{"line":57,"column":0},"end":{"line":59,"column":0}}}},"branchMap":{"0":{"loc":{"start":{"line":46,"column":0},"end":{"line":null,"column":-1}},"type":"switch","locations":[{"start":{"line":46,"column":0},"end":{"line":null,"column":-1}},{"start":{"line":46,"column":0},"end":{"line":null,"column":-1}},{"start":{"line":46,"column":0},"end":{"line":54,"column":0}},{"start":{"line":46,"column":0},"end":{"line":null,"column":-1}},{"start":{"line":46,"column":0},"end":{"line":null,"column":-1}}]}},"s":{"0":0,"1":0,"2":0,"3":0,"4":0,"5":0,"6":0,"7":0,"8":0,"9":0,"10":0,"11":0,"12":0,"13":0,"14":0},"f":{"0":0,"1":0,"2":0,"3":0},"b":{"0":[0,0,0,0,0]}}
,"/home/ahmed/Desktop/Tartu/Semester1/Agile/Project/parkingappfrontend/src/components/Dashboard/Dashboard.vue": {"path":"/home/ahmed/Desktop/Tartu/Semester1/Agile/Project/parkingappfrontend/src/components/Dashboard/Dashboard.vue","statementMap":{"0":{"start":{"line":50,"column":0},"end":{"line":null,"column":-1}},"1":{"start":{"line":55,"column":0},"end":{"line":null,"column":-1}},"2":{"start":{"line":60,"column":0},"end":{"line":null,"column":-1}},"3":{"start":{"line":61,"column":0},"end":{"line":64,"column":0}},"4":{"start":{"line":63,"column":0},"end":{"line":null,"column":-1}},"5":{"start":{"line":68,"column":0},"end":{"line":null,"column":-1}},"6":{"start":{"line":69,"column":0},"end":{"line":null,"column":-1}},"7":{"start":{"line":70,"column":0},"end":{"line":null,"column":-1}},"8":{"start":{"line":71,"column":0},"end":{"line":null,"column":-1}},"9":{"start":{"line":72,"column":0},"end":{"line":null,"column":-1}},"10":{"start":{"line":73,"column":0},"end":{"line":null,"column":-1}},"11":{"start":{"line":74,"column":0},"end":{"line":null,"column":-1}},"12":{"start":{"line":75,"column":0},"end":{"line":95,"column":0}},"13":{"start":{"line":76,"column":0},"end":{"line":86,"column":0}},"14":{"start":{"line":84,"column":0},"end":{"line":null,"column":-1}},"15":{"start":{"line":98,"column":0},"end":{"line":null,"column":-1}}},"fnMap":{"0":{"name":"data","decl":{"start":{"line":54,"column":0},"end":{"line":null,"column":-1}},"loc":{"start":{"line":54,"column":0},"end":{"line":58,"column":0}}},"1":{"name":"logout","decl":{"start":{"line":60,"column":0},"end":{"line":null,"column":-1}},"loc":{"start":{"line":60,"column":0},"end":{"line":65,"column":0}}},"2":{"name":"(anonymous_3)","decl":{"start":{"line":61,"column":0},"end":{"line":null,"column":-1}},"loc":{"start":{"line":61,"column":0},"end":{"line":64,"column":0}}},"3":{"name":"mounted","decl":{"start":{"line":68,"column":0},"end":{"line":null,"column":-1}},"loc":{"start":{"line":68,"column":0},"end":{"line":96,"column":0}}},"4":{"name":"(anonymous_5)","decl":{"start":{"line":75,"column":0},"end":{"line":null,"column":-1}},"loc":{"start":{"line":75,"column":0},"end":{"line":95,"column":0}}},"5":{"name":"onClick","decl":{"start":{"line":83,"column":0},"end":{"line":null,"column":-1}},"loc":{"start":{"line":83,"column":0},"end":{"line":85,"column":0}}},"6":{"name":"created","decl":{"start":{"line":97,"column":0},"end":{"line":null,"column":-1}},"loc":{"start":{"line":97,"column":0},"end":{"line":99,"column":0}}}},"branchMap":{},"s":{"0":0,"1":0,"2":0,"3":0,"4":0,"5":0,"6":0,"7":0,"8":0,"9":0,"10":0,"11":0,"12":0,"13":0,"14":0,"15":0},"f":{"0":0,"1":0,"2":0,"3":0,"4":0,"5":0,"6":0},"b":{}}
,"/home/ahmed/Desktop/Tartu/Semester1/Agile/Project/parkingappfrontend/src/components/Parking/ParkingList.vue": {"path":"/home/ahmed/Desktop/Tartu/Semester1/Agile/Project/parkingappfrontend/src/components/Parking/ParkingList.vue","statementMap":{"0":{"start":{"line":32,"column":0},"end":{"line":null,"column":-1}},"1":{"start":{"line":37,"column":0},"end":{"line":null,"column":-1}},"2":{"start":{"line":41,"column":0},"end":{"line":null,"column":-1}},"3":{"start":{"line":43,"column":0},"end":{"line":null,"column":-1}},"4":{"start":{"line":44,"column":0},"end":{"line":null,"column":-1}},"5":{"start":{"line":46,"column":0},"end":{"line":null,"column":-1}}},"fnMap":{"0":{"name":"data","decl":{"start":{"line":36,"column":0},"end":{"line":null,"column":-1}},"loc":{"start":{"line":36,"column":0},"end":{"line":40,"column":0}}},"1":{"name":"created","decl":{"start":{"line":41,"column":0},"end":{"line":null,"column":-1}},"loc":{"start":{"line":41,"column":0},"end":{"line":48,"column":0}}}},"branchMap":{"0":{"loc":{"start":{"line":41,"column":0},"end":{"line":null,"column":-1}},"type":"switch","locations":[{"start":{"line":41,"column":0},"end":{"line":null,"column":-1}},{"start":{"line":41,"column":0},"end":{"line":null,"column":-1}},{"start":{"line":41,"column":0},"end":{"line":46,"column":0}},{"start":{"line":41,"column":0},"end":{"line":null,"column":-1}},{"start":{"line":41,"column":0},"end":{"line":null,"column":-1}}]}},"s":{"0":0,"1":0,"2":0,"3":0,"4":0,"5":0},"f":{"0":0,"1":0},"b":{"0":[0,0,0,0,0]}}
,"/home/ahmed/Desktop/Tartu/Semester1/Agile/Project/parkingappfrontend/src/components/Parking/ParkingSearch.vue": {"path":"/home/ahmed/Desktop/Tartu/Semester1/Agile/Project/parkingappfrontend/src/components/Parking/ParkingSearch.vue","statementMap":{"0":{"start":{"line":135,"column":0},"end":{"line":null,"column":-1}},"1":{"start":{"line":136,"column":0},"end":{"line":null,"column":-1}},"2":{"start":{"line":138,"column":0},"end":{"line":null,"column":-1}},"3":{"start":{"line":140,"column":0},"end":{"line":null,"column":-1}},"4":{"start":{"line":142,"column":0},"end":{"line":null,"column":-1}},"5":{"start":{"line":147,"column":0},"end":{"line":null,"column":-1}},"6":{"start":{"line":189,"column":0},"end":{"line":null,"column":-1}},"7":{"start":{"line":190,"column":0},"end":{"line":null,"column":-1}},"8":{"start":{"line":192,"column":0},"end":{"line":199,"column":0}},"9":{"start":{"line":193,"column":0},"end":{"line":null,"column":-1}},"10":{"start":{"line":197,"column":0},"end":{"line":null,"column":-1}},"11":{"start":{"line":198,"column":0},"end":{"line":null,"column":-1}},"12":{"start":{"line":200,"column":0},"end":{"line":null,"column":-1}},"13":{"start":{"line":203,"column":0},"end":{"line":null,"column":-1}},"14":{"start":{"line":204,"column":0},"end":{"line":null,"column":-1}},"15":{"start":{"line":205,"column":0},"end":{"line":null,"column":-1}},"16":{"start":{"line":208,"column":0},"end":{"line":225,"column":0}},"17":{"start":{"line":208,"column":0},"end":{"line":214,"column":0}},"18":{"start":{"line":211,"column":0},"end":{"line":null,"column":-1}},"19":{"start":{"line":212,"column":0},"end":{"line":null,"column":-1}},"20":{"start":{"line":213,"column":0},"end":{"line":null,"column":-1}},"21":{"start":{"line":208,"column":0},"end":{"line":220,"column":0}},"22":{"start":{"line":217,"column":0},"end":{"line":null,"column":-1}},"23":{"start":{"line":218,"column":0},"end":{"line":null,"column":-1}},"24":{"start":{"line":219,"column":0},"end":{"line":null,"column":-1}},"25":{"start":{"line":221,"column":0},"end":{"line":null,"column":-1}},"26":{"start":{"line":222,"column":0},"end":{"line":null,"column":-1}},"27":{"start":{"line":223,"column":0},"end":{"line":null,"column":-1}},"28":{"start":{"line":224,"column":0},"end":{"line":null,"column":-1}},"29":{"start":{"line":227,"column":0},"end":{"line":null,"column":-1}},"30":{"start":{"line":229,"column":0},"end":{"line":null,"column":-1}},"31":{"start":{"line":230,"column":0},"end":{"line":null,"column":-1}},"32":{"start":{"line":232,"column":0},"end":{"line":null,"column":-1}},"33":{"start":{"line":234,"column":0},"end":{"line":244,"column":0}},"34":{"start":{"line":235,"column":0},"end":{"line":null,"column":-1}},"35":{"start":{"line":243,"column":0},"end":{"line":null,"column":-1}},"36":{"start":{"line":247,"column":0},"end":{"line":null,"column":-1}},"37":{"start":{"line":250,"column":0},"end":{"line":null,"column":-1}},"38":{"start":{"line":252,"column":0},"end":{"line":null,"column":-1}},"39":{"start":{"line":253,"column":0},"end":{"line":null,"column":-1}},"40":{"start":{"line":254,"column":0},"end":{"line":null,"column":-1}},"41":{"start":{"line":255,"column":0},"end":{"line":null,"column":-1}},"42":{"start":{"line":257,"column":0},"end":{"line":null,"column":-1}},"43":{"start":{"line":258,"column":0},"end":{"line":null,"column":-1}},"44":{"start":{"line":262,"column":0},"end":{"line":null,"column":-1}},"45":{"start":{"line":263,"column":0},"end":{"line":null,"column":-1}},"46":{"start":{"line":266,"column":0},"end":{"line":null,"column":-1}},"47":{"start":{"line":267,"column":0},"end":{"line":null,"column":-1}},"48":{"start":{"line":268,"column":0},"end":{"line":277,"column":0}},"49":{"start":{"line":269,"column":0},"end":{"line":null,"column":-1}},"50":{"start":{"line":276,"column":0},"end":{"line":null,"column":-1}},"51":{"start":{"line":279,"column":0},"end":{"line":null,"column":-1}}},"fnMap":{"0":{"name":"data","decl":{"start":{"line":146,"column":0},"end":{"line":null,"column":-1}},"loc":{"start":{"line":146,"column":0},"end":{"line":183,"column":0}}},"1":{"name":"toggleInfoWindow","decl":{"start":{"line":188,"column":0},"end":{"line":null,"column":-1}},"loc":{"start":{"line":188,"column":0},"end":{"line":226,"column":0}}},"2":{"name":"diff_hours","decl":{"start":{"line":208,"column":0},"end":{"line":null,"column":-1}},"loc":{"start":{"line":208,"column":0},"end":{"line":214,"column":0}}},"3":{"name":"parkingSearch","decl":{"start":{"line":227,"column":0},"end":{"line":null,"column":-1}},"loc":{"start":{"line":227,"column":0},"end":{"line":249,"column":0}}},"4":{"name":"(anonymous_9)","decl":{"start":{"line":234,"column":0},"end":{"line":null,"column":-1}},"loc":{"start":{"line":234,"column":0},"end":{"line":244,"column":0}}},"5":{"name":"parkingConfirmation","decl":{"start":{"line":250,"column":0},"end":{"line":null,"column":-1}},"loc":{"start":{"line":250,"column":0},"end":{"line":260,"column":0}}},"6":{"name":"created","decl":{"start":{"line":262,"column":0},"end":{"line":null,"column":-1}},"loc":{"start":{"line":262,"column":0},"end":{"line":281,"column":0}}},"7":{"name":"(anonymous_16)","decl":{"start":{"line":268,"column":0},"end":{"line":null,"column":-1}},"loc":{"start":{"line":268,"column":0},"end":{"line":277,"column":0}}}},"branchMap":{"0":{"loc":{"start":{"line":192,"column":0},"end":{"line":199,"column":0}},"type":"if","locations":[{"start":{"line":192,"column":0},"end":{"line":199,"column":0}},{"start":{"line":192,"column":0},"end":{"line":199,"column":0}}]},"1":{"loc":{"start":{"line":208,"column":0},"end":{"line":225,"column":0}},"type":"if","locations":[{"start":{"line":208,"column":0},"end":{"line":225,"column":0}},{"start":{"line":208,"column":0},"end":{"line":225,"column":0}}]},"2":{"loc":{"start":{"line":208,"column":0},"end":{"line":null,"column":-1}},"type":"binary-expr","locations":[{"start":{"line":208,"column":0},"end":{"line":null,"column":-1}},{"start":{"line":208,"column":0},"end":{"line":null,"column":-1}}]},"3":{"loc":{"start":{"line":227,"column":0},"end":{"line":null,"column":-1}},"type":"switch","locations":[{"start":{"line":227,"column":0},"end":{"line":null,"column":-1}},{"start":{"line":227,"column":0},"end":{"line":null,"column":-1}},{"start":{"line":227,"column":0},"end":{"line":247,"column":0}},{"start":{"line":227,"column":0},"end":{"line":null,"column":-1}},{"start":{"line":227,"column":0},"end":{"line":null,"column":-1}}]},"4":{"loc":{"start":{"line":250,"column":0},"end":{"line":null,"column":-1}},"type":"switch","locations":[{"start":{"line":250,"column":0},"end":{"line":null,"column":-1}},{"start":{"line":250,"column":0},"end":{"line":null,"column":-1}},{"start":{"line":250,"column":0},"end":{"line":258,"column":0}},{"start":{"line":250,"column":0},"end":{"line":null,"column":-1}},{"start":{"line":250,"column":0},"end":{"line":null,"column":-1}}]},"5":{"loc":{"start":{"line":262,"column":0},"end":{"line":null,"column":-1}},"type":"switch","locations":[{"start":{"line":262,"column":0},"end":{"line":null,"column":-1}},{"start":{"line":262,"column":0},"end":{"line":null,"column":-1}},{"start":{"line":262,"column":0},"end":{"line":279,"column":0}},{"start":{"line":262,"column":0},"end":{"line":null,"column":-1}},{"start":{"line":262,"column":0},"end":{"line":null,"column":-1}}]}},"s":{"0":0,"1":0,"2":0,"3":0,"4":0,"5":0,"6":0,"7":0,"8":0,"9":0,"10":0,"11":0,"12":0,"13":0,"14":0,"15":0,"16":0,"17":0,"18":0,"19":0,"20":0,"21":0,"22":0,"23":0,"24":0,"25":0,"26":0,"27":0,"28":0,"29":0,"30":0,"31":0,"32":0,"33":0,"34":0,"35":0,"36":0,"37":0,"38":0,"39":0,"40":0,"41":0,"42":0,"43":0,"44":0,"45":0,"46":0,"47":0,"48":0,"49":0,"50":0,"51":0},"f":{"0":0,"1":0,"2":0,"3":0,"4":0,"5":0,"6":0,"7":0},"b":{"0":[0,0],"1":[0,0],"2":[0,0],"3":[0,0,0,0,0],"4":[0,0,0,0,0],"5":[0,0,0,0,0]}}
}
