TN:
SF:/home/ahmed/Desktop/Tartu/Semester1/Agile/Project/parkingappfrontend/src/App.vue
FN:12,created
FN:13,(anonymous_3)
FN:14,(anonymous_4)
FNF:3
FNH:0
FNDA:0,created
FNDA:0,(anonymous_3)
FNDA:0,(anonymous_4)
DA:13,0
DA:14,0
DA:15,0
DA:16,0
DA:18,0
LF:5
LH:0
BRDA:15,0,0,0
BRDA:15,0,1,0
BRDA:15,1,0,0
BRDA:15,1,1,0
BRDA:15,1,2,0
BRF:5
BRH:0
end_of_record
TN:
SF:/home/ahmed/Desktop/Tartu/Semester1/Agile/Project/parkingappfrontend/src/store.js
FN:15,auth_request
FN:15,auth_success
FN:15,auth_error
FN:15,logout
FN:32,userLogin
FN:34,(anonymous_6)
FN:37,(anonymous_7)
FN:47,(anonymous_8)
FN:32,register
FN:55,(anonymous_10)
FN:58,(anonymous_11)
FN:66,(anonymous_12)
FN:32,logout
FN:74,(anonymous_14)
FN:83,isLoggedIn
FN:84,authStatus
FNF:16
FNH:0
FNDA:0,auth_request
FNDA:0,auth_success
FNDA:0,auth_error
FNDA:0,logout
FNDA:0,userLogin
FNDA:0,(anonymous_6)
FNDA:0,(anonymous_7)
FNDA:0,(anonymous_8)
FNDA:0,register
FNDA:0,(anonymous_10)
FNDA:0,(anonymous_11)
FNDA:0,(anonymous_12)
FNDA:0,logout
FNDA:0,(anonymous_14)
FNDA:0,isLoggedIn
FNDA:0,authStatus
DA:1,0
DA:2,0
DA:3,0
DA:5,0
DA:7,0
DA:17,0
DA:20,0
DA:21,0
DA:22,0
DA:25,0
DA:28,0
DA:29,0
DA:33,0
DA:34,0
DA:35,0
DA:36,0
DA:38,0
DA:39,0
DA:40,0
DA:41,0
DA:42,0
DA:43,0
DA:44,0
DA:45,0
DA:48,0
DA:49,0
DA:50,0
DA:54,0
DA:55,0
DA:56,0
DA:57,0
DA:59,0
DA:60,0
DA:61,0
DA:62,0
DA:63,0
DA:64,0
DA:67,0
DA:68,0
DA:69,0
DA:73,0
DA:74,0
DA:75,0
DA:76,0
DA:77,0
DA:78,0
DA:83,0
DA:84,0
LF:48
LH:0
BRDA:12,0,0,0
BRDA:12,0,1,0
BRF:2
BRH:0
end_of_record
TN:
SF:/home/ahmed/Desktop/Tartu/Semester1/Agile/Project/parkingappfrontend/src/components/Home.vue
FN:20,data
FN:25,created
FNF:2
FNH:0
FNDA:0,data
FNDA:0,created
DA:16,0
DA:21,0
DA:25,0
DA:27,0
DA:28,0
DA:30,0
LF:6
LH:0
BRDA:25,0,0,0
BRDA:25,0,1,0
BRDA:25,0,2,0
BRDA:25,0,3,0
BRDA:25,0,4,0
BRF:5
BRH:0
end_of_record
TN:
SF:/home/ahmed/Desktop/Tartu/Semester1/Agile/Project/parkingappfrontend/src/components/Login.vue
FN:20,data
FN:28,userLogin
FN:30,(anonymous_3)
FN:31,(anonymous_4)
FN:40,signUp
FNF:5
FNH:0
FNDA:0,data
FNDA:0,userLogin
FNDA:0,(anonymous_3)
FNDA:0,(anonymous_4)
FNDA:0,signUp
DA:21,0
DA:28,0
DA:29,0
DA:30,0
DA:31,0
DA:33,0
DA:34,0
DA:37,0
DA:41,0
LF:9
LH:0
BRF:0
BRH:0
end_of_record
TN:
SF:/home/ahmed/Desktop/Tartu/Semester1/Agile/Project/parkingappfrontend/src/components/Register.vue
FN:27,data
FN:40,userRegister
FN:42,(anonymous_4)
FN:43,(anonymous_5)
FNF:4
FNH:0
FNDA:0,data
FNDA:0,userRegister
FNDA:0,(anonymous_4)
FNDA:0,(anonymous_5)
DA:23,0
DA:28,0
DA:40,0
DA:41,0
DA:42,0
DA:43,0
DA:45,0
DA:48,0
LF:8
LH:0
BRF:0
BRH:0
end_of_record
TN:
SF:/home/ahmed/Desktop/Tartu/Semester1/Agile/Project/parkingappfrontend/src/components/UsersList.vue
FN:32,data
FN:37,created
FNF:2
FNH:0
FNDA:0,data
FNDA:0,created
DA:28,0
DA:33,0
DA:37,0
DA:39,0
DA:40,0
DA:42,0
LF:6
LH:0
BRDA:37,0,0,0
BRDA:37,0,1,0
BRDA:37,0,2,0
BRDA:37,0,3,0
BRDA:37,0,4,0
BRF:5
BRH:0
end_of_record
TN:
SF:/home/ahmed/Desktop/Tartu/Semester1/Agile/Project/parkingappfrontend/src/components/Booking/BookingList.vue
FN:46,formatDateFun
FN:55,data
FN:70,created
FN:79,btnSelectBooking
FN:80,diff_mins
FN:98,btnCancelClick
FNF:6
FNH:0
FNDA:0,formatDateFun
FNDA:0,data
FNDA:0,created
FNDA:0,btnSelectBooking
FNDA:0,diff_mins
FNDA:0,btnCancelClick
DA:37,0
DA:38,0
DA:40,0
DA:42,0
DA:44,0
DA:47,0
DA:48,0
DA:56,0
DA:70,0
DA:72,0
DA:73,0
DA:75,0
DA:81,0
DA:82,0
DA:83,0
DA:85,0
DA:86,0
DA:88,0
DA:89,0
DA:90,0
DA:91,0
DA:94,0
DA:96,0
DA:98,0
DA:100,0
DA:102,0
DA:106,0
DA:107,0
DA:109,0
LF:29
LH:0
BRDA:47,0,0,0
BRDA:47,0,1,0
BRDA:70,1,0,0
BRDA:70,1,1,0
BRDA:70,1,2,0
BRDA:70,1,3,0
BRDA:70,1,4,0
BRDA:88,2,0,0
BRDA:88,2,1,0
BRDA:90,3,0,0
BRDA:90,3,1,0
BRDA:98,4,0,0
BRDA:98,4,1,0
BRDA:98,4,2,0
BRDA:98,4,3,0
BRDA:98,4,4,0
BRDA:98,4,5,0
BRDA:98,4,6,0
BRDA:98,4,7,0
BRF:19
BRH:0
end_of_record
TN:
SF:/home/ahmed/Desktop/Tartu/Semester1/Agile/Project/parkingappfrontend/src/components/Booking/ExtendBooking.vue
FN:33,data
FN:39,created
FN:46,extendBooking
FN:57,goBack
FNF:4
FNH:0
FNDA:0,data
FNDA:0,created
FNDA:0,extendBooking
FNDA:0,goBack
DA:22,0
DA:23,0
DA:25,0
DA:27,0
DA:29,0
DA:34,0
DA:40,0
DA:46,0
DA:48,0
DA:49,0
DA:50,0
DA:51,0
DA:53,0
DA:54,0
DA:58,0
LF:15
LH:0
BRDA:46,0,0,0
BRDA:46,0,1,0
BRDA:46,0,2,0
BRDA:46,0,3,0
BRDA:46,0,4,0
BRF:5
BRH:0
end_of_record
TN:
SF:/home/ahmed/Desktop/Tartu/Semester1/Agile/Project/parkingappfrontend/src/components/Dashboard/Dashboard.vue
FN:54,data
FN:60,logout
FN:61,(anonymous_3)
FN:68,mounted
FN:75,(anonymous_5)
FN:83,onClick
FN:97,created
FNF:7
FNH:0
FNDA:0,data
FNDA:0,logout
FNDA:0,(anonymous_3)
FNDA:0,mounted
FNDA:0,(anonymous_5)
FNDA:0,onClick
FNDA:0,created
DA:50,0
DA:55,0
DA:60,0
DA:61,0
DA:63,0
DA:68,0
DA:69,0
DA:70,0
DA:71,0
DA:72,0
DA:73,0
DA:74,0
DA:75,0
DA:76,0
DA:84,0
DA:98,0
LF:16
LH:0
BRF:0
BRH:0
end_of_record
TN:
SF:/home/ahmed/Desktop/Tartu/Semester1/Agile/Project/parkingappfrontend/src/components/Parking/ParkingList.vue
FN:36,data
FN:41,created
FNF:2
FNH:0
FNDA:0,data
FNDA:0,created
DA:32,0
DA:37,0
DA:41,0
DA:43,0
DA:44,0
DA:46,0
LF:6
LH:0
BRDA:41,0,0,0
BRDA:41,0,1,0
BRDA:41,0,2,0
BRDA:41,0,3,0
BRDA:41,0,4,0
BRF:5
BRH:0
end_of_record
TN:
SF:/home/ahmed/Desktop/Tartu/Semester1/Agile/Project/parkingappfrontend/src/components/Parking/ParkingSearch.vue
FN:146,data
FN:188,toggleInfoWindow
FN:208,diff_hours
FN:227,parkingSearch
FN:234,(anonymous_9)
FN:250,parkingConfirmation
FN:262,created
FN:268,(anonymous_16)
FNF:8
FNH:0
FNDA:0,data
FNDA:0,toggleInfoWindow
FNDA:0,diff_hours
FNDA:0,parkingSearch
FNDA:0,(anonymous_9)
FNDA:0,parkingConfirmation
FNDA:0,created
FNDA:0,(anonymous_16)
DA:135,0
DA:136,0
DA:138,0
DA:140,0
DA:142,0
DA:147,0
DA:189,0
DA:190,0
DA:192,0
DA:193,0
DA:197,0
DA:198,0
DA:200,0
DA:203,0
DA:204,0
DA:205,0
DA:208,0
DA:211,0
DA:212,0
DA:213,0
DA:217,0
DA:218,0
DA:219,0
DA:221,0
DA:222,0
DA:223,0
DA:224,0
DA:227,0
DA:229,0
DA:230,0
DA:232,0
DA:234,0
DA:235,0
DA:243,0
DA:247,0
DA:250,0
DA:252,0
DA:253,0
DA:254,0
DA:255,0
DA:257,0
DA:258,0
DA:262,0
DA:263,0
DA:266,0
DA:267,0
DA:268,0
DA:269,0
DA:276,0
DA:279,0
LF:50
LH:0
BRDA:192,0,0,0
BRDA:192,0,1,0
BRDA:208,1,0,0
BRDA:208,1,1,0
BRDA:208,2,0,0
BRDA:208,2,1,0
BRDA:227,3,0,0
BRDA:227,3,1,0
BRDA:227,3,2,0
BRDA:227,3,3,0
BRDA:227,3,4,0
BRDA:250,4,0,0
BRDA:250,4,1,0
BRDA:250,4,2,0
BRDA:250,4,3,0
BRDA:250,4,4,0
BRDA:262,5,0,0
BRDA:262,5,1,0
BRDA:262,5,2,0
BRDA:262,5,3,0
BRDA:262,5,4,0
BRF:21
BRH:0
end_of_record
